2025-07-31 03:53:57,321 --force option specified. Using testing configuration
2025-07-31 03:53:57,322 Starting Conpot using template: /usr/local/lib/python3.8/site-packages/conpot/templates/default
2025-07-31 03:53:57,322 Starting Conpot using configuration found in: /usr/local/lib/python3.8/site-packages/conpot/testing.cfg
2025-07-31 03:53:57,324 Using default FS path. tar:///usr/local/lib/python3.8/site-packages/conpot/data.tar
2025-07-31 03:53:57,324 Initializing Virtual File System at /tmp/__conpot__0yclxurd. Source specified : tar:///usr/local/lib/python3.8/site-packages/conpot/data.tar
 Please wait while the system copies all specified files
2025-07-31 03:53:57,392 Fetched 108.213.45.220 as external ip.
2025-07-31 03:53:57,394 Conpot Bacnet initialized using the /usr/local/lib/python3.8/site-packages/conpot/templates/default/bacnet/bacnet.xml template.
2025-07-31 03:53:57,395 Found and enabled bacnet protocol.
2025-07-31 03:53:57,397 Class    22/0x0016, Instance   1, Attribute     1 <== [{'class': 22}, {'instance': 1}, {'attribute': 1}]
2025-07-31 03:53:57,397 Class    22/0x0016, Instance   1, Attribute     2 <== [{'class': 22}, {'instance': 1}, {'attribute': 2}]
2025-07-31 03:53:57,398 Class    22/0x0016, Instance   1, Attribute     1 <== [{'class': 22}, {'instance': 1}, {'attribute': 1}]
2025-07-31 03:53:57,399 Class    22/0x0016, Instance   1, Attribute     3 <== [{'class': 22}, {'instance': 1}, {'attribute': 3}]
2025-07-31 03:53:57,399 Class    22/0x0016, Instance   1, Attribute     1 <== [{'class': 22}, {'instance': 1}, {'attribute': 1}]
2025-07-31 03:53:57,399 Class    22/0x0016, Instance   1, Attribute     2 <== [{'class': 22}, {'instance': 1}, {'attribute': 2}]
2025-07-31 03:53:57,399 Found and enabled enip protocol.
2025-07-31 03:53:57,402 Creating persistent data store for protocol: ftp
2025-07-31 03:53:57,406 FTP Serving File System at /data/ftp/ in vfs. FTP data_fs sub directory: /ftp
2025-07-31 03:53:57,409 Found and enabled ftp protocol.
2025-07-31 03:53:57,409 Found and enabled http protocol.
2025-07-31 03:53:57,410 IPMI BMC initialized.
2025-07-31 03:53:57,410 Conpot IPMI initialized using /usr/local/lib/python3.8/site-packages/conpot/templates/default/ipmi/ipmi.xml template
2025-07-31 03:53:57,410 Found and enabled ipmi protocol.
2025-07-31 03:53:57,411 Conpot modbus initialized
2025-07-31 03:53:57,411 Found and enabled modbus protocol.
2025-07-31 03:53:57,412 Conpot S7Comm initialized
2025-07-31 03:53:57,412 Found and enabled s7comm protocol.
2025-07-31 03:53:57,412 Found and enabled snmp protocol.
2025-07-31 03:53:57,413 Creating persistent data store for protocol: tftp
2025-07-31 03:53:57,415 TFTP Serving File System at /data/tftp/ in vfs. TFTP data_fs sub directory: /tftp
2025-07-31 03:53:57,415 Found and enabled tftp protocol.
2025-07-31 03:53:57,416 No proxy template found. Service will remain unconfigured/stopped.
2025-07-31 03:53:57,416 Bacnet server started on: ('0.0.0.0', 47808)
2025-07-31 03:54:17,419 handle server PID [    1] starting on ('0.0.0.0', 44818)
2025-07-31 03:54:17,419 handle server PID [    1] responding to external done/disable signal via <class 'cpppo.dotdict.apidict'> {'done': False, 'disable': False, 'latency': 0.1}
2025-07-31 03:54:17,419 Serving TCP/IP:     1, UDP/IP:     0, w/ latency:   0.100s, timeout:   0.200s (w/NO idle service)
2025-07-31 03:54:17,420 FTP server started on: ('0.0.0.0', 2121)
2025-07-31 03:54:17,420 HTTP server started on: ('0.0.0.0', 8800)
2025-07-31 03:54:17,421 IPMI server started on: ('0.0.0.0', 6230)
2025-07-31 03:54:17,421 Modbus server started on: ('0.0.0.0', 5020)
2025-07-31 03:54:17,422 S7Comm server started on: ('0.0.0.0', 10201)
2025-07-31 03:54:17,564 SNMP server started on: ('0.0.0.0', 16100)
2025-07-31 03:54:17,564 Starting TFTP server at ('0.0.0.0', 6969)
2025-07-31 03:58:47,191 --force option specified. Using testing configuration
2025-07-31 03:58:47,192 Starting Conpot using template: /usr/local/lib/python3.8/site-packages/conpot/templates/default
2025-07-31 03:58:47,192 Starting Conpot using configuration found in: /usr/local/lib/python3.8/site-packages/conpot/testing.cfg
2025-07-31 03:58:47,194 Using default FS path. tar:///usr/local/lib/python3.8/site-packages/conpot/data.tar
2025-07-31 03:58:47,194 Initializing Virtual File System at /tmp/__conpot__ngwqiflt. Source specified : tar:///usr/local/lib/python3.8/site-packages/conpot/data.tar
 Please wait while the system copies all specified files
2025-07-31 03:58:47,276 Fetched 108.213.45.220 as external ip.
2025-07-31 03:58:47,279 Conpot Bacnet initialized using the /usr/local/lib/python3.8/site-packages/conpot/templates/default/bacnet/bacnet.xml template.
2025-07-31 03:58:47,279 Found and enabled bacnet protocol.
2025-07-31 03:58:47,281 Class    22/0x0016, Instance   1, Attribute     1 <== [{'class': 22}, {'instance': 1}, {'attribute': 1}]
2025-07-31 03:58:47,282 Class    22/0x0016, Instance   1, Attribute     2 <== [{'class': 22}, {'instance': 1}, {'attribute': 2}]
2025-07-31 03:58:47,282 Class    22/0x0016, Instance   1, Attribute     1 <== [{'class': 22}, {'instance': 1}, {'attribute': 1}]
2025-07-31 03:58:47,283 Class    22/0x0016, Instance   1, Attribute     3 <== [{'class': 22}, {'instance': 1}, {'attribute': 3}]
2025-07-31 03:58:47,283 Class    22/0x0016, Instance   1, Attribute     1 <== [{'class': 22}, {'instance': 1}, {'attribute': 1}]
2025-07-31 03:58:47,283 Class    22/0x0016, Instance   1, Attribute     2 <== [{'class': 22}, {'instance': 1}, {'attribute': 2}]
2025-07-31 03:58:47,283 Found and enabled enip protocol.
2025-07-31 03:58:47,286 Creating persistent data store for protocol: ftp
2025-07-31 03:58:47,289 FTP Serving File System at /data/ftp/ in vfs. FTP data_fs sub directory: /ftp
2025-07-31 03:58:47,292 Found and enabled ftp protocol.
2025-07-31 03:58:47,292 Found and enabled http protocol.
2025-07-31 03:58:47,293 IPMI BMC initialized.
2025-07-31 03:58:47,293 Conpot IPMI initialized using /usr/local/lib/python3.8/site-packages/conpot/templates/default/ipmi/ipmi.xml template
2025-07-31 03:58:47,293 Found and enabled ipmi protocol.
2025-07-31 03:58:47,294 Conpot modbus initialized
2025-07-31 03:58:47,294 Found and enabled modbus protocol.
2025-07-31 03:58:47,294 Conpot S7Comm initialized
2025-07-31 03:58:47,295 Found and enabled s7comm protocol.
2025-07-31 03:58:47,295 Found and enabled snmp protocol.
2025-07-31 03:58:47,296 Creating persistent data store for protocol: tftp
2025-07-31 03:58:47,298 TFTP Serving File System at /data/tftp/ in vfs. TFTP data_fs sub directory: /tftp
2025-07-31 03:58:47,298 Found and enabled tftp protocol.
2025-07-31 03:58:47,298 No proxy template found. Service will remain unconfigured/stopped.
2025-07-31 03:58:47,299 Bacnet server started on: ('0.0.0.0', 47808)
2025-07-31 03:59:07,302 handle server PID [    1] starting on ('0.0.0.0', 44818)
2025-07-31 03:59:07,302 handle server PID [    1] responding to external done/disable signal via <class 'cpppo.dotdict.apidict'> {'done': False, 'disable': False, 'latency': 0.1}
2025-07-31 03:59:07,302 Serving TCP/IP:     1, UDP/IP:     0, w/ latency:   0.100s, timeout:   0.200s (w/NO idle service)
2025-07-31 03:59:07,303 FTP server started on: ('0.0.0.0', 2121)
2025-07-31 03:59:07,303 HTTP server started on: ('0.0.0.0', 8800)
2025-07-31 03:59:07,304 IPMI server started on: ('0.0.0.0', 6230)
2025-07-31 03:59:07,304 Modbus server started on: ('0.0.0.0', 5020)
2025-07-31 03:59:07,304 S7Comm server started on: ('0.0.0.0', 10201)
2025-07-31 03:59:07,455 SNMP server started on: ('0.0.0.0', 16100)
2025-07-31 03:59:07,456 Starting TFTP server at ('0.0.0.0', 6969)
2025-07-31 03:59:09,625 New http session from 172.18.0.1 (0ab444ac-4ba4-4338-be02-776fa492d1bf)
2025-07-31 03:59:09,625 HTTP/1.1 GET request from ('172.18.0.1', 40762): ('/', [('Host', 'localhost'), ('User-Agent', 'curl/8.15.0'), ('Accept', '*/*')], None). 0ab444ac-4ba4-4338-be02-776fa492d1bf
2025-07-31 03:59:09,625 HTTP/1.1 response to ('172.18.0.1', 40762): 302. 0ab444ac-4ba4-4338-be02-776fa492d1bf
2025-07-31 03:59:16,684 HTTP/1.1 GET request from ('172.18.0.1', 49306): ('/', [('Host', 'localhost'), ('User-Agent', 'curl/8.15.0'), ('Accept', '*/*')], None). 0ab444ac-4ba4-4338-be02-776fa492d1bf
2025-07-31 03:59:16,684 HTTP/1.1 response to ('172.18.0.1', 49306): 302. 0ab444ac-4ba4-4338-be02-776fa492d1bf
2025-07-31 03:59:48,703 Session timed out: 0ab444ac-4ba4-4338-be02-776fa492d1bf
2025-07-31 04:59:59,379 --force option specified. Using testing configuration
2025-07-31 04:59:59,379 Starting Conpot using template: /usr/local/lib/python3.8/site-packages/conpot/templates/default
2025-07-31 04:59:59,379 Starting Conpot using configuration found in: /usr/local/lib/python3.8/site-packages/conpot/testing.cfg
2025-07-31 04:59:59,381 Using default FS path. tar:///usr/local/lib/python3.8/site-packages/conpot/data.tar
2025-07-31 04:59:59,381 Initializing Virtual File System at /tmp/__conpot__skq5ctnu. Source specified : tar:///usr/local/lib/python3.8/site-packages/conpot/data.tar
 Please wait while the system copies all specified files
2025-07-31 04:59:59,461 Fetched 108.213.45.220 as external ip.
2025-07-31 04:59:59,463 Conpot Bacnet initialized using the /usr/local/lib/python3.8/site-packages/conpot/templates/default/bacnet/bacnet.xml template.
2025-07-31 04:59:59,463 Found and enabled bacnet protocol.
2025-07-31 04:59:59,465 Class    22/0x0016, Instance   1, Attribute     1 <== [{'class': 22}, {'instance': 1}, {'attribute': 1}]
2025-07-31 04:59:59,466 Class    22/0x0016, Instance   1, Attribute     2 <== [{'class': 22}, {'instance': 1}, {'attribute': 2}]
2025-07-31 04:59:59,466 Class    22/0x0016, Instance   1, Attribute     1 <== [{'class': 22}, {'instance': 1}, {'attribute': 1}]
2025-07-31 04:59:59,467 Class    22/0x0016, Instance   1, Attribute     3 <== [{'class': 22}, {'instance': 1}, {'attribute': 3}]
2025-07-31 04:59:59,467 Class    22/0x0016, Instance   1, Attribute     1 <== [{'class': 22}, {'instance': 1}, {'attribute': 1}]
2025-07-31 04:59:59,467 Class    22/0x0016, Instance   1, Attribute     2 <== [{'class': 22}, {'instance': 1}, {'attribute': 2}]
2025-07-31 04:59:59,467 Found and enabled enip protocol.
2025-07-31 04:59:59,470 Creating persistent data store for protocol: ftp
2025-07-31 04:59:59,476 FTP Serving File System at /data/ftp/ in vfs. FTP data_fs sub directory: /ftp
2025-07-31 04:59:59,481 Found and enabled ftp protocol.
2025-07-31 04:59:59,481 Found and enabled http protocol.
2025-07-31 04:59:59,482 IPMI BMC initialized.
2025-07-31 04:59:59,482 Conpot IPMI initialized using /usr/local/lib/python3.8/site-packages/conpot/templates/default/ipmi/ipmi.xml template
2025-07-31 04:59:59,482 Found and enabled ipmi protocol.
2025-07-31 04:59:59,483 Conpot modbus initialized
2025-07-31 04:59:59,483 Found and enabled modbus protocol.
2025-07-31 04:59:59,484 Conpot S7Comm initialized
2025-07-31 04:59:59,484 Found and enabled s7comm protocol.
2025-07-31 04:59:59,484 Found and enabled snmp protocol.
2025-07-31 04:59:59,485 Creating persistent data store for protocol: tftp
2025-07-31 04:59:59,487 TFTP Serving File System at /data/tftp/ in vfs. TFTP data_fs sub directory: /tftp
2025-07-31 04:59:59,487 Found and enabled tftp protocol.
2025-07-31 04:59:59,487 No proxy template found. Service will remain unconfigured/stopped.
2025-07-31 04:59:59,488 Bacnet server started on: ('0.0.0.0', 47808)
2025-07-31 05:00:19,491 handle server PID [    1] starting on ('0.0.0.0', 44818)
2025-07-31 05:00:19,491 handle server PID [    1] responding to external done/disable signal via <class 'cpppo.dotdict.apidict'> {'done': False, 'disable': False, 'latency': 0.1}
2025-07-31 05:00:19,491 Serving TCP/IP:     1, UDP/IP:     0, w/ latency:   0.100s, timeout:   0.200s (w/NO idle service)
2025-07-31 05:00:19,492 FTP server started on: ('0.0.0.0', 2121)
2025-07-31 05:00:19,492 HTTP server started on: ('0.0.0.0', 8800)
2025-07-31 05:00:19,493 IPMI server started on: ('0.0.0.0', 6230)
2025-07-31 05:00:19,493 Modbus server started on: ('0.0.0.0', 5020)
2025-07-31 05:00:19,494 S7Comm server started on: ('0.0.0.0', 10201)
2025-07-31 05:00:19,637 SNMP server started on: ('0.0.0.0', 16100)
2025-07-31 05:00:19,637 Starting TFTP server at ('0.0.0.0', 6969)
2025-07-31 05:14:36,249 --force option specified. Using testing configuration
2025-07-31 05:14:36,250 Starting Conpot using template: /usr/local/lib/python3.8/site-packages/conpot/templates/default
2025-07-31 05:14:36,250 Starting Conpot using configuration found in: /usr/local/lib/python3.8/site-packages/conpot/testing.cfg
2025-07-31 05:14:36,252 Using default FS path. tar:///usr/local/lib/python3.8/site-packages/conpot/data.tar
2025-07-31 05:14:36,252 Initializing Virtual File System at /tmp/__conpot__kck3loa4. Source specified : tar:///usr/local/lib/python3.8/site-packages/conpot/data.tar
 Please wait while the system copies all specified files
2025-07-31 05:14:36,319 Fetched 108.213.45.220 as external ip.
2025-07-31 05:14:36,321 Conpot Bacnet initialized using the /usr/local/lib/python3.8/site-packages/conpot/templates/default/bacnet/bacnet.xml template.
2025-07-31 05:14:36,321 Found and enabled bacnet protocol.
2025-07-31 05:14:36,323 Class    22/0x0016, Instance   1, Attribute     1 <== [{'class': 22}, {'instance': 1}, {'attribute': 1}]
2025-07-31 05:14:36,324 Class    22/0x0016, Instance   1, Attribute     2 <== [{'class': 22}, {'instance': 1}, {'attribute': 2}]
2025-07-31 05:14:36,324 Class    22/0x0016, Instance   1, Attribute     1 <== [{'class': 22}, {'instance': 1}, {'attribute': 1}]
2025-07-31 05:14:36,325 Class    22/0x0016, Instance   1, Attribute     3 <== [{'class': 22}, {'instance': 1}, {'attribute': 3}]
2025-07-31 05:14:36,325 Class    22/0x0016, Instance   1, Attribute     1 <== [{'class': 22}, {'instance': 1}, {'attribute': 1}]
2025-07-31 05:14:36,325 Class    22/0x0016, Instance   1, Attribute     2 <== [{'class': 22}, {'instance': 1}, {'attribute': 2}]
2025-07-31 05:14:36,326 Found and enabled enip protocol.
2025-07-31 05:14:36,328 Creating persistent data store for protocol: ftp
2025-07-31 05:14:36,332 FTP Serving File System at /data/ftp/ in vfs. FTP data_fs sub directory: /ftp
2025-07-31 05:14:36,336 Found and enabled ftp protocol.
2025-07-31 05:14:36,337 Found and enabled http protocol.
2025-07-31 05:14:36,337 IPMI BMC initialized.
2025-07-31 05:14:36,337 Conpot IPMI initialized using /usr/local/lib/python3.8/site-packages/conpot/templates/default/ipmi/ipmi.xml template
2025-07-31 05:14:36,337 Found and enabled ipmi protocol.
2025-07-31 05:14:36,338 Conpot modbus initialized
2025-07-31 05:14:36,338 Found and enabled modbus protocol.
2025-07-31 05:14:36,339 Conpot S7Comm initialized
2025-07-31 05:14:36,339 Found and enabled s7comm protocol.
2025-07-31 05:14:36,339 Found and enabled snmp protocol.
2025-07-31 05:14:36,340 Creating persistent data store for protocol: tftp
2025-07-31 05:14:36,342 TFTP Serving File System at /data/tftp/ in vfs. TFTP data_fs sub directory: /tftp
2025-07-31 05:14:36,342 Found and enabled tftp protocol.
2025-07-31 05:14:36,343 No proxy template found. Service will remain unconfigured/stopped.
2025-07-31 05:14:36,343 Bacnet server started on: ('0.0.0.0', 47808)
2025-07-31 05:15:46,819 --force option specified. Using testing configuration
2025-07-31 05:15:46,820 Starting Conpot using template: /usr/local/lib/python3.8/site-packages/conpot/templates/default
2025-07-31 05:15:46,820 Starting Conpot using configuration found in: /usr/local/lib/python3.8/site-packages/conpot/testing.cfg
2025-07-31 05:15:46,822 Using default FS path. tar:///usr/local/lib/python3.8/site-packages/conpot/data.tar
2025-07-31 05:15:46,822 Initializing Virtual File System at /tmp/__conpot__2o_orclm. Source specified : tar:///usr/local/lib/python3.8/site-packages/conpot/data.tar
 Please wait while the system copies all specified files
2025-07-31 05:15:46,891 Fetched 108.213.45.220 as external ip.
2025-07-31 05:15:46,893 Conpot Bacnet initialized using the /usr/local/lib/python3.8/site-packages/conpot/templates/default/bacnet/bacnet.xml template.
2025-07-31 05:15:46,893 Found and enabled bacnet protocol.
2025-07-31 05:15:46,895 Class    22/0x0016, Instance   1, Attribute     1 <== [{'class': 22}, {'instance': 1}, {'attribute': 1}]
2025-07-31 05:15:46,895 Class    22/0x0016, Instance   1, Attribute     2 <== [{'class': 22}, {'instance': 1}, {'attribute': 2}]
2025-07-31 05:15:46,896 Class    22/0x0016, Instance   1, Attribute     1 <== [{'class': 22}, {'instance': 1}, {'attribute': 1}]
2025-07-31 05:15:46,896 Class    22/0x0016, Instance   1, Attribute     3 <== [{'class': 22}, {'instance': 1}, {'attribute': 3}]
2025-07-31 05:15:46,897 Class    22/0x0016, Instance   1, Attribute     1 <== [{'class': 22}, {'instance': 1}, {'attribute': 1}]
2025-07-31 05:15:46,897 Class    22/0x0016, Instance   1, Attribute     2 <== [{'class': 22}, {'instance': 1}, {'attribute': 2}]
2025-07-31 05:15:46,897 Found and enabled enip protocol.
2025-07-31 05:15:46,900 Creating persistent data store for protocol: ftp
2025-07-31 05:15:46,905 FTP Serving File System at /data/ftp/ in vfs. FTP data_fs sub directory: /ftp
2025-07-31 05:15:46,910 Found and enabled ftp protocol.
2025-07-31 05:15:46,910 Found and enabled http protocol.
2025-07-31 05:15:46,911 IPMI BMC initialized.
2025-07-31 05:15:46,911 Conpot IPMI initialized using /usr/local/lib/python3.8/site-packages/conpot/templates/default/ipmi/ipmi.xml template
2025-07-31 05:15:46,911 Found and enabled ipmi protocol.
2025-07-31 05:15:46,912 Conpot modbus initialized
2025-07-31 05:15:46,912 Found and enabled modbus protocol.
2025-07-31 05:15:46,913 Conpot S7Comm initialized
2025-07-31 05:15:46,913 Found and enabled s7comm protocol.
2025-07-31 05:15:46,913 Found and enabled snmp protocol.
2025-07-31 05:15:46,914 Creating persistent data store for protocol: tftp
2025-07-31 05:15:46,916 TFTP Serving File System at /data/tftp/ in vfs. TFTP data_fs sub directory: /tftp
2025-07-31 05:15:46,917 Found and enabled tftp protocol.
2025-07-31 05:15:46,917 No proxy template found. Service will remain unconfigured/stopped.
2025-07-31 05:15:46,917 Bacnet server started on: ('0.0.0.0', 47808)
2025-07-31 05:16:06,920 handle server PID [    1] starting on ('0.0.0.0', 44818)
2025-07-31 05:16:06,920 handle server PID [    1] responding to external done/disable signal via <class 'cpppo.dotdict.apidict'> {'done': False, 'disable': False, 'latency': 0.1}
2025-07-31 05:16:06,920 Serving TCP/IP:     1, UDP/IP:     0, w/ latency:   0.100s, timeout:   0.200s (w/NO idle service)
2025-07-31 05:16:06,921 FTP server started on: ('0.0.0.0', 2121)
2025-07-31 05:16:06,921 HTTP server started on: ('0.0.0.0', 8800)
2025-07-31 05:16:06,921 IPMI server started on: ('0.0.0.0', 6230)
2025-07-31 05:16:06,922 Modbus server started on: ('0.0.0.0', 5020)
2025-07-31 05:16:06,922 S7Comm server started on: ('0.0.0.0', 10201)
2025-07-31 05:16:07,078 SNMP server started on: ('0.0.0.0', 16100)
2025-07-31 05:16:07,078 Starting TFTP server at ('0.0.0.0', 6969)
2025-07-31 05:30:28,217 --force option specified. Using testing configuration
2025-07-31 05:30:28,218 Starting Conpot using template: /usr/local/lib/python3.8/site-packages/conpot/templates/default
2025-07-31 05:30:28,218 Starting Conpot using configuration found in: /usr/local/lib/python3.8/site-packages/conpot/testing.cfg
2025-07-31 05:30:28,219 Using default FS path. tar:///usr/local/lib/python3.8/site-packages/conpot/data.tar
2025-07-31 05:30:28,220 Initializing Virtual File System at /tmp/__conpot__0_trvkgc. Source specified : tar:///usr/local/lib/python3.8/site-packages/conpot/data.tar
 Please wait while the system copies all specified files
2025-07-31 05:30:28,304 Fetched 108.213.45.220 as external ip.
2025-07-31 05:30:28,306 Conpot Bacnet initialized using the /usr/local/lib/python3.8/site-packages/conpot/templates/default/bacnet/bacnet.xml template.
2025-07-31 05:30:28,306 Found and enabled bacnet protocol.
2025-07-31 05:30:28,308 Class    22/0x0016, Instance   1, Attribute     1 <== [{'class': 22}, {'instance': 1}, {'attribute': 1}]
2025-07-31 05:30:28,308 Class    22/0x0016, Instance   1, Attribute     2 <== [{'class': 22}, {'instance': 1}, {'attribute': 2}]
2025-07-31 05:30:28,308 Class    22/0x0016, Instance   1, Attribute     1 <== [{'class': 22}, {'instance': 1}, {'attribute': 1}]
2025-07-31 05:30:28,309 Class    22/0x0016, Instance   1, Attribute     3 <== [{'class': 22}, {'instance': 1}, {'attribute': 3}]
2025-07-31 05:30:28,310 Class    22/0x0016, Instance   1, Attribute     1 <== [{'class': 22}, {'instance': 1}, {'attribute': 1}]
2025-07-31 05:30:28,310 Class    22/0x0016, Instance   1, Attribute     2 <== [{'class': 22}, {'instance': 1}, {'attribute': 2}]
2025-07-31 05:30:28,310 Found and enabled enip protocol.
2025-07-31 05:30:28,313 Creating persistent data store for protocol: ftp
2025-07-31 05:30:28,318 FTP Serving File System at /data/ftp/ in vfs. FTP data_fs sub directory: /ftp
2025-07-31 05:30:28,323 Found and enabled ftp protocol.
2025-07-31 05:30:28,324 Found and enabled http protocol.
2025-07-31 05:30:28,324 IPMI BMC initialized.
2025-07-31 05:30:28,325 Conpot IPMI initialized using /usr/local/lib/python3.8/site-packages/conpot/templates/default/ipmi/ipmi.xml template
2025-07-31 05:30:28,325 Found and enabled ipmi protocol.
2025-07-31 05:30:28,326 Conpot modbus initialized
2025-07-31 05:30:28,326 Found and enabled modbus protocol.
2025-07-31 05:30:28,326 Conpot S7Comm initialized
2025-07-31 05:30:28,326 Found and enabled s7comm protocol.
2025-07-31 05:30:28,327 Found and enabled snmp protocol.
2025-07-31 05:30:28,328 Creating persistent data store for protocol: tftp
2025-07-31 05:30:28,330 TFTP Serving File System at /data/tftp/ in vfs. TFTP data_fs sub directory: /tftp
2025-07-31 05:30:28,330 Found and enabled tftp protocol.
2025-07-31 05:30:28,330 No proxy template found. Service will remain unconfigured/stopped.
2025-07-31 05:30:28,331 Bacnet server started on: ('0.0.0.0', 47808)
2025-07-31 05:30:48,334 handle server PID [    1] starting on ('0.0.0.0', 44818)
2025-07-31 05:30:48,334 handle server PID [    1] responding to external done/disable signal via <class 'cpppo.dotdict.apidict'> {'done': False, 'disable': False, 'latency': 0.1}
2025-07-31 05:30:48,334 Serving TCP/IP:     1, UDP/IP:     0, w/ latency:   0.100s, timeout:   0.200s (w/NO idle service)
2025-07-31 05:30:48,335 FTP server started on: ('0.0.0.0', 2121)
2025-07-31 05:30:48,335 HTTP server started on: ('0.0.0.0', 8800)
2025-07-31 05:30:48,336 IPMI server started on: ('0.0.0.0', 6230)
2025-07-31 05:30:48,336 Modbus server started on: ('0.0.0.0', 5020)
2025-07-31 05:30:48,337 S7Comm server started on: ('0.0.0.0', 10201)
2025-07-31 05:30:48,494 SNMP server started on: ('0.0.0.0', 16100)
2025-07-31 05:30:48,495 Starting TFTP server at ('0.0.0.0', 6969)
2025-07-31 12:46:30,843 New ftp session from 172.18.0.1 (94a76dbd-5fc9-48b8-ae97-38432d17bb26)
2025-07-31 12:46:30,843 New FTP connection from 172.18.0.1:42710. (94a76dbd-5fc9-48b8-ae97-38432d17bb26)
2025-07-31 12:46:37,620 New http session from 172.18.0.1 (70a125d5-7068-40f8-acd7-d4d814a396c6)
2025-07-31 12:46:37,621 HTTP/1.1 GET request from ('172.18.0.1', 48982): ('/', [('Host', 'localhost'), ('User-Agent', 'curl/8.15.0'), ('Accept', '*/*')], None). 70a125d5-7068-40f8-acd7-d4d814a396c6
2025-07-31 12:46:37,621 HTTP/1.1 response to ('172.18.0.1', 48982): 302. 70a125d5-7068-40f8-acd7-d4d814a396c6
2025-07-31 12:46:41,188 HTTP/1.1 GET request from ('172.18.0.1', 48990): ('/', [('Host', 'localhost'), ('User-Agent', 'curl/8.15.0'), ('Accept', '*/*')], None). 70a125d5-7068-40f8-acd7-d4d814a396c6
2025-07-31 12:46:41,189 HTTP/1.1 response to ('172.18.0.1', 48990): 302. 70a125d5-7068-40f8-acd7-d4d814a396c6
2025-07-31 12:47:01,218 Session timed out: 94a76dbd-5fc9-48b8-ae97-38432d17bb26
2025-07-31 12:47:10,843 FTP connection timeout, remote: ('172.18.0.1', 42710). (94a76dbd-5fc9-48b8-ae97-38432d17bb26). Disconnecting client
2025-07-31 12:47:12,844 Session timed out: 70a125d5-7068-40f8-acd7-d4d814a396c6
2025-07-31 13:01:13,390 New ftp session from 172.18.0.1 (7b4489be-b043-4484-9cb7-2e65e1ed7eeb)
2025-07-31 13:01:13,390 New FTP connection from 172.18.0.1:55610. (7b4489be-b043-4484-9cb7-2e65e1ed7eeb)
2025-07-31 13:01:13,395 Thread-21 server TID [    1/ None] runner target handle
2025-07-31 13:01:13,395 Thread-21 server TID [    1/139662243599840] starting on ('172.18.0.1', 33556)
2025-07-31 13:01:13,395 New enip session from 172.18.0.1 (de72df85-dbdd-42f2-9267-99dd0790213d)
2025-07-31 13:01:13,395                    ( ENIP_33556.( header.((empty)) recv:     0: b''
2025-07-31 13:01:13,396 Transaction parsed  after   0.000s
2025-07-31 13:01:13,396 Class     1/0x0001, Instance   1, Attribute  None ==> None
2025-07-31 13:01:13,396                 Identity, Class ID 0x0001, Instance ID   1 created
2025-07-31 13:01:13,396 Class     1/0x0001, Instance   1, Attribute  None ==> None
2025-07-31 13:01:13,396 Class     1/0x0001, Instance   0, Attribute  None ==> None
2025-07-31 13:01:13,396            meta-Identity, Class ID 0x0001, Instance ID   0 created
2025-07-31 13:01:13,396 Class     1/0x0001, Instance   0, Attribute  None ==> None
2025-07-31 13:01:13,396 Class     1/0x0001, Instance   0, Attribute  None ==> meta-Identity
2025-07-31 13:01:13,396 [DEFAULT]
2025-07-31 13:01:13,396 config_int((0x01,  0) meta-Identity, 'Revision', 0)-->0
2025-07-31 13:01:13,396 config_int((0x01,  0) meta-Identity, 'Optional Attributes', 0)-->0
2025-07-31 13:01:13,396 [DEFAULT]
2025-07-31 13:01:13,396 config_int((0x01,  1) Identity, 'Vendor Number', 1)-->1
2025-07-31 13:01:13,396 config_int((0x01,  1) Identity, 'Device Type', 14)-->14
2025-07-31 13:01:13,397 config_int((0x01,  1) Identity, 'Product Code Number', 54)-->54
2025-07-31 13:01:13,397 config_int((0x01,  1) Identity, 'Product Revision', 2836)-->2836
2025-07-31 13:01:13,397 config_int((0x01,  1) Identity, 'Status Word', 12640)-->12640
2025-07-31 13:01:13,397 config_int((0x01,  1) Identity, 'Serial Number', 7079450)-->7079450
2025-07-31 13:01:13,397 config_str((0x01,  1) Identity, 'Product Name', '1756-L61/B LOGIX5561')-->'1756-L61/B LOGIX5561'
2025-07-31 13:01:13,397 config_int((0x01,  1) Identity, 'State', 255)-->255
2025-07-31 13:01:13,397 config_int((0x01,  1) Identity, 'Configuratio...istency Value', 0)-->0
2025-07-31 13:01:13,397 config_int((0x01,  1) Identity, 'Heartbeat Interval', 0)-->0
2025-07-31 13:01:13,397 Class     2/0x0002, Instance   1, Attribute  None ==> None
2025-07-31 13:01:13,397                    Logix, Class ID 0x0002, Instance ID   1 created
2025-07-31 13:01:13,397 Class     2/0x0002, Instance   1, Attribute  None ==> None
2025-07-31 13:01:13,397 Class     2/0x0002, Instance   0, Attribute  None ==> None
2025-07-31 13:01:13,398               meta-Logix, Class ID 0x0002, Instance ID   0 created
2025-07-31 13:01:13,398 Class     2/0x0002, Instance   0, Attribute  None ==> None
2025-07-31 13:01:13,398 Class     2/0x0002, Instance   0, Attribute  None ==> meta-Logix
2025-07-31 13:01:13,398 [DEFAULT]
2025-07-31 13:01:13,398 config_int((0x02,  0) meta-Logix, 'Revision', 0)-->0
2025-07-31 13:01:13,398 config_int((0x02,  0) meta-Logix, 'Optional Attributes', 0)-->0
2025-07-31 13:01:13,398 Class     6/0x0006, Instance   1, Attribute  None ==> None
2025-07-31 13:01:13,398       Connection_Manager, Class ID 0x0006, Instance ID   1 created
2025-07-31 13:01:13,398 Class     6/0x0006, Instance   1, Attribute  None ==> None
2025-07-31 13:01:13,398 Class     6/0x0006, Instance   0, Attribute  None ==> None
2025-07-31 13:01:13,398  meta-Connection_Manager, Class ID 0x0006, Instance ID   0 created
2025-07-31 13:01:13,398 Class     6/0x0006, Instance   0, Attribute  None ==> None
2025-07-31 13:01:13,398 Class     6/0x0006, Instance   0, Attribute  None ==> meta-Connection_Manager
2025-07-31 13:01:13,398 [DEFAULT]
2025-07-31 13:01:13,398 config_int((0x06,  0) me...ection_Manager, 'Revision', 0)-->0
2025-07-31 13:01:13,398 config_int((0x06,  0) me...ection_Manager, 'Optional Attributes', 0)-->0
2025-07-31 13:01:13,398 Class   102/0x0066, Instance   1, Attribute  None ==> None
2025-07-31 13:01:13,399           Unknown_Object, Class ID 0x0066, Instance ID   1 created
2025-07-31 13:01:13,399 Class   102/0x0066, Instance   1, Attribute  None ==> None
2025-07-31 13:01:13,399 Class   102/0x0066, Instance   0, Attribute  None ==> None
2025-07-31 13:01:13,399      meta-Unknown_Object, Class ID 0x0066, Instance ID   0 created
2025-07-31 13:01:13,399 Class   102/0x0066, Instance   0, Attribute  None ==> None
2025-07-31 13:01:13,399 Class   102/0x0066, Instance   0, Attribute  None ==> meta-Unknown_Object
2025-07-31 13:01:13,399 [DEFAULT]
2025-07-31 13:01:13,399 config_int((0x66,  0) meta-Unknown_Object, 'Revision', 0)-->0
2025-07-31 13:01:13,399 config_int((0x66,  0) meta-Unknown_Object, 'Optional Attributes', 0)-->0
2025-07-31 13:01:13,399 Class   245/0x00F5, Instance   1, Attribute  None ==> None
2025-07-31 13:01:13,399                    TCPIP, Class ID 0x00f5, Instance ID   1 created
2025-07-31 13:01:13,399 Class   245/0x00F5, Instance   1, Attribute  None ==> None
2025-07-31 13:01:13,399 Class   245/0x00F5, Instance   0, Attribute  None ==> None
2025-07-31 13:01:13,400               meta-TCPIP, Class ID 0x00f5, Instance ID   0 created
2025-07-31 13:01:13,400 Class   245/0x00F5, Instance   0, Attribute  None ==> None
2025-07-31 13:01:13,400 Class   245/0x00F5, Instance   0, Attribute  None ==> meta-TCPIP
2025-07-31 13:01:13,400 [DEFAULT]
2025-07-31 13:01:13,400 config_int((0xf5,  0) meta-TCPIP, 'Revision', 0)-->0
2025-07-31 13:01:13,400 config_int((0xf5,  0) meta-TCPIP, 'Optional Attributes', 0)-->0
2025-07-31 13:01:13,400 config_int((0xf5,  0) meta-TCPIP, 'Revision', 3)-->3
2025-07-31 13:01:13,400 [DEFAULT]
2025-07-31 13:01:13,400 config_int((0xf5,  1) TCPIP, 'Interface Status', 2)-->2
2025-07-31 13:01:13,400 config_int((0xf5,  1) TCPIP, 'Configuration Capability', 48)-->48
2025-07-31 13:01:13,400 config_int((0xf5,  1) TCPIP, 'Configuration Control', 0)-->0
2025-07-31 13:01:13,400 config_str((0xf5,  1) TCPIP, 'Path to Physical Link', '[]')-->'[]'
2025-07-31 13:01:13,400 config_json((0xf5,  1) TCPIP, 'Path to Physical Link', '[]')-->[]
2025-07-31 13:01:13,401 config_str((0xf5,  1) TCPIP, 'Interface Configuration', '{}')-->'{}'
2025-07-31 13:01:13,401 config_json((0xf5,  1) TCPIP, 'Interface Configuration', '{}')-->{}
2025-07-31 13:01:13,402 config_str((0xf5,  1) TCPIP, 'Host Name', '')-->''
2025-07-31 13:01:13,402 Class   172/0x00AC, Instance   1, Attribute  None ==> None
2025-07-31 13:01:13,402         Logical_Segments, Class ID 0x00ac, Instance ID   1 created
2025-07-31 13:01:13,402 Class   172/0x00AC, Instance   1, Attribute  None ==> None
2025-07-31 13:01:13,402 Class   172/0x00AC, Instance   0, Attribute  None ==> None
2025-07-31 13:01:13,402    meta-Logical_Segments, Class ID 0x00ac, Instance ID   0 created
2025-07-31 13:01:13,402 Class   172/0x00AC, Instance   0, Attribute  None ==> None
2025-07-31 13:01:13,402 Class   172/0x00AC, Instance   0, Attribute  None ==> meta-Logical_Segments
2025-07-31 13:01:13,402 [DEFAULT]
2025-07-31 13:01:13,402 config_int((0xac,  0) me...gical_Segments, 'Revision', 0)-->0
2025-07-31 13:01:13,402 config_int((0xac,  0) me...gical_Segments, 'Optional Attributes', 0)-->0
2025-07-31 13:01:13,402 [DEFAULT]
2025-07-31 13:01:13,403 config_int((0xac,  1) Logical_Segments, 'Attribute 1', 5)-->5
2025-07-31 13:01:13,403 config_int((0xac,  1) Logical_Segments, 'Attribute 2', 2)-->2
2025-07-31 13:01:13,403 config_int((0xac,  1) Logical_Segments, 'Attribute 3', 3313545731)-->3313545731
2025-07-31 13:01:13,403 config_int((0xac,  1) Logical_Segments, 'Attribute 4', 3313545731)-->3313545731
2025-07-31 13:01:13,403 config_int((0xac,  1) Logical_Segments, 'Attribute 10', 3091717880)-->3091717880
2025-07-31 13:01:13,403                     UCMM, Class ID 0x9999, Instance ID   1 created
2025-07-31 13:01:13,403 Class 39321/0x9999, Instance   1, Attribute  None ==> None
2025-07-31 13:01:13,403 Class 39321/0x9999, Instance   0, Attribute  None ==> None
2025-07-31 13:01:13,403                meta-UCMM, Class ID 0x9999, Instance ID   0 created
2025-07-31 13:01:13,403 Class 39321/0x9999, Instance   0, Attribute  None ==> None
2025-07-31 13:01:13,403 Class 39321/0x9999, Instance   0, Attribute  None ==> meta-UCMM
2025-07-31 13:01:13,403 [DEFAULT]
2025-07-31 13:01:13,403 config_int((0x9999,  0) meta-UCMM, 'Revision', 0)-->0
2025-07-31 13:01:13,403 config_int((0x9999,  0) meta-UCMM, 'Optional Attributes', 0)-->0
2025-07-31 13:01:13,403 [DEFAULT]
2025-07-31 13:01:13,404 config_str((0x9999,  1) UCMM, 'Route Path', None)-->None
2025-07-31 13:01:13,404 UCMM accepts route_path: (any)
2025-07-31 13:01:13,404 config_str((0x9999,  1) UCMM, 'Route', '{}')-->'{}'
2025-07-31 13:01:13,404 config_json((0x9999,  1) UCMM, 'Route', '{}')-->{}
2025-07-31 13:01:13,404 Setup tag 'SCADA', to UTF-8: 'SCADA', to bytes: b'SCADA', to ISO-8859-1: 'SCADA'
2025-07-31 13:01:13,404 Class    22/0x0016, Instance   1, Attribute     1 <== [{'class': 22}, {'instance': 1}, {'attribute': 1}]
2025-07-31 13:01:13,404 Class    22/0x0016, Instance   1, Attribute  None ==> None
2025-07-31 13:01:13,404 Class    22/0x0016, Instance   0, Attribute  None ==> None
2025-07-31 13:01:13,404 Class     2/0x0002, Instance   0, Attribute  None ==> meta-Logix
2025-07-31 13:01:13,404       Class    22/0x0016, Class ID 0x0016, Instance ID   1 created
2025-07-31 13:01:13,404 Class    22/0x0016, Instance   1, Attribute  None ==> None
2025-07-31 13:01:13,404 Class    22/0x0016, Instance   0, Attribute  None ==> None
2025-07-31 13:01:13,404  meta-Class    22/0x0016, Class ID 0x0016, Instance ID   0 created
2025-07-31 13:01:13,404 Class    22/0x0016, Instance   0, Attribute  None ==> None
2025-07-31 13:01:13,404 Class    22/0x0016, Instance   0, Attribute  None ==> meta-Class    22/0x0016
2025-07-31 13:01:13,404 [DEFAULT]
2025-07-31 13:01:13,404 config_int((0x16,  0) me...s    22/0x0016, 'Revision', 0)-->0
2025-07-31 13:01:13,405 config_int((0x16,  0) me...s    22/0x0016, 'Optional Attributes', 0)-->0
2025-07-31 13:01:13,405 Set Tag SCADA         @22/1/1   : Class    22/0x0016       Instance   1 Created
2025-07-31 13:01:13,405 Class    22/0x0016, Instance   1, Attribute     1 ==> None
2025-07-31 13:01:13,405 Set Tag SCADA         @22/1/1   : Class    22/0x0016       Instance   1 Added: SCADA                          SINT x1    == 100
2025-07-31 13:01:13,405 Redirecting: scada                    --> Class 22, Inst. 1, Attr. 1
2025-07-31 13:01:13,405 Class    22/0x0016, Instance   1, Attribute     1 ==> SCADA                          SINT x1    == 100
2025-07-31 13:01:13,405 Setup tag 'TEXT', to UTF-8: 'TEXT', to bytes: b'TEXT', to ISO-8859-1: 'TEXT'
2025-07-31 13:01:13,405 Class    22/0x0016, Instance   1, Attribute     2 <== [{'class': 22}, {'instance': 1}, {'attribute': 2}]
2025-07-31 13:01:13,405 Class    22/0x0016, Instance   1, Attribute  None ==> Class    22/0x0016
2025-07-31 13:01:13,405 Class    22/0x0016, Instance   1, Attribute     2 ==> None
2025-07-31 13:01:13,405 Set Tag TEXT          @22/1/2   : Class    22/0x0016       Instance   1 Added: TEXT                        SSTRING[  32] == ['A', 'A', 'A', 'A', 'A', 'A', ...]
2025-07-31 13:01:13,405 Redirecting: text                     --> Class 22, Inst. 1, Attr. 2
2025-07-31 13:01:13,405 Class    22/0x0016, Instance   1, Attribute     2 ==> TEXT                        SSTRING[  32] == ['A', 'A', 'A', 'A', 'A', 'A', ...]
2025-07-31 13:01:13,405 Setup tag 'FLOAT', to UTF-8: 'FLOAT', to bytes: b'FLOAT', to ISO-8859-1: 'FLOAT'
2025-07-31 13:01:13,405 Class    22/0x0016, Instance   1, Attribute     3 <== [{'class': 22}, {'instance': 1}, {'attribute': 3}]
2025-07-31 13:01:13,405 Class    22/0x0016, Instance   1, Attribute  None ==> Class    22/0x0016
2025-07-31 13:01:13,405 Class    22/0x0016, Instance   1, Attribute     3 ==> None
2025-07-31 13:01:13,406 Set Tag FLOAT         @22/1/3   : Class    22/0x0016       Instance   1 Added: FLOAT                          REAL[   4] == [0.1, 0.1, 0.1, 0.1]
2025-07-31 13:01:13,406 Redirecting: float                    --> Class 22, Inst. 1, Attr. 3
2025-07-31 13:01:13,406 Class    22/0x0016, Instance   1, Attribute     3 ==> FLOAT                          REAL[   4] == [0.1, 0.1, 0.1, 0.1]
2025-07-31 13:01:13,406 EtherNet/IP CIP Request  (Client ('172.18.0.1', 33556)): {
}
2025-07-31 13:01:13,406 (0x9999,  1) UCMM Request: {
}
2025-07-31 13:01:13,406 Class     6/0x0006, Instance   1, Attribute  None ==> Connection_Manager
2025-07-31 13:01:13,406 Connection_Manager Forward Close: <all>
2025-07-31 13:01:13,406 EtherNet/IP CIP Response (Client ('172.18.0.1', 33556)): {
}
2025-07-31 13:01:13,406 Session ended (client initiated): {
    'request':                      {},
    'response':                     {},
}
2025-07-31 13:01:13,406 Transaction complete after   0.011s (w/   0.000s delay)
2025-07-31 13:01:13,406 ENIP_33556 done; processed   0 requests over     0 bytes/    0 received (0 connections remain)
2025-07-31 13:01:13,406 Thread-21 server TID [    1/139662243599840] stopping on ('172.18.0.1', 33556)
2025-07-31 13:01:13,509 Thread-21 server TID [    1/139662243599840] complete on ('172.18.0.1', 33556)
2025-07-31 13:01:13,743 New s7comm session from 172.18.0.1 (60687abe-463c-41a3-9315-b3fddcbf57ec)
2025-07-31 13:01:13,744 New S7 connection from 172.18.0.1:39918. (60687abe-463c-41a3-9315-b3fddcbf57ec)
2025-07-31 13:01:14,803 New modbus session from 172.18.0.1 (5ed03336-bd0b-4891-82bb-b3c93a5b2064)
2025-07-31 13:01:14,803 New Modbus connection from 172.18.0.1:39542. (5ed03336-bd0b-4891-82bb-b3c93a5b2064)
2025-07-31 13:01:14,803 Modbus client disconnected. (5ed03336-bd0b-4891-82bb-b3c93a5b2064)
2025-07-31 13:01:44,845 Session timed out: 7b4489be-b043-4484-9cb7-2e65e1ed7eeb
2025-07-31 13:01:44,845 Session timed out: 60687abe-463c-41a3-9315-b3fddcbf57ec
2025-07-31 13:01:46,849 Session timed out: de72df85-dbdd-42f2-9267-99dd0790213d
2025-07-31 13:01:48,850 Session timed out: 5ed03336-bd0b-4891-82bb-b3c93a5b2064
2025-07-31 13:01:53,390 FTP connection timeout, remote: ('172.18.0.1', 55610). (7b4489be-b043-4484-9cb7-2e65e1ed7eeb). Disconnecting client
2025-07-31 13:19:37,043 --force option specified. Using testing configuration
2025-07-31 13:19:37,044 Starting Conpot using template: /usr/local/lib/python3.8/site-packages/conpot/templates/default
2025-07-31 13:19:37,044 Starting Conpot using configuration found in: /usr/local/lib/python3.8/site-packages/conpot/testing.cfg
2025-07-31 13:19:37,046 Using default FS path. tar:///usr/local/lib/python3.8/site-packages/conpot/data.tar
2025-07-31 13:19:37,046 Initializing Virtual File System at /tmp/__conpot__xqxb4_8_. Source specified : tar:///usr/local/lib/python3.8/site-packages/conpot/data.tar
 Please wait while the system copies all specified files
2025-07-31 13:19:37,114 Fetched 108.213.45.220 as external ip.
2025-07-31 13:19:37,117 Conpot Bacnet initialized using the /usr/local/lib/python3.8/site-packages/conpot/templates/default/bacnet/bacnet.xml template.
2025-07-31 13:19:37,117 Found and enabled bacnet protocol.
2025-07-31 13:19:37,119 Class    22/0x0016, Instance   1, Attribute     1 <== [{'class': 22}, {'instance': 1}, {'attribute': 1}]
2025-07-31 13:19:37,119 Class    22/0x0016, Instance   1, Attribute     2 <== [{'class': 22}, {'instance': 1}, {'attribute': 2}]
2025-07-31 13:19:37,119 Class    22/0x0016, Instance   1, Attribute     1 <== [{'class': 22}, {'instance': 1}, {'attribute': 1}]
2025-07-31 13:19:37,120 Class    22/0x0016, Instance   1, Attribute     3 <== [{'class': 22}, {'instance': 1}, {'attribute': 3}]
2025-07-31 13:19:37,120 Class    22/0x0016, Instance   1, Attribute     1 <== [{'class': 22}, {'instance': 1}, {'attribute': 1}]
2025-07-31 13:19:37,121 Class    22/0x0016, Instance   1, Attribute     2 <== [{'class': 22}, {'instance': 1}, {'attribute': 2}]
2025-07-31 13:19:37,121 Found and enabled enip protocol.
2025-07-31 13:19:37,124 Creating persistent data store for protocol: ftp
2025-07-31 13:19:37,129 FTP Serving File System at /data/ftp/ in vfs. FTP data_fs sub directory: /ftp
2025-07-31 13:19:37,135 Found and enabled ftp protocol.
2025-07-31 13:19:37,135 Found and enabled http protocol.
2025-07-31 13:19:37,136 IPMI BMC initialized.
2025-07-31 13:19:37,136 Conpot IPMI initialized using /usr/local/lib/python3.8/site-packages/conpot/templates/default/ipmi/ipmi.xml template
2025-07-31 13:19:37,136 Found and enabled ipmi protocol.
2025-07-31 13:19:37,137 Conpot modbus initialized
2025-07-31 13:19:37,137 Found and enabled modbus protocol.
2025-07-31 13:19:37,138 Conpot S7Comm initialized
2025-07-31 13:19:37,138 Found and enabled s7comm protocol.
2025-07-31 13:19:37,138 Found and enabled snmp protocol.
2025-07-31 13:19:37,139 Creating persistent data store for protocol: tftp
2025-07-31 13:19:37,141 TFTP Serving File System at /data/tftp/ in vfs. TFTP data_fs sub directory: /tftp
2025-07-31 13:19:37,141 Found and enabled tftp protocol.
2025-07-31 13:19:37,141 No proxy template found. Service will remain unconfigured/stopped.
2025-07-31 13:19:37,142 Bacnet server started on: ('0.0.0.0', 47808)
